SF:lib\editTodo\bloc\edit_todo_event.dart
DA:4,23
DA:6,1
DA:7,1
DA:11,4
DA:15,2
DA:16,4
DA:20,4
DA:24,2
DA:25,4
DA:29,22
LF:10
LH:10
end_of_record
SF:lib\editTodo\bloc\edit_todo_bloc.dart
DA:9,2
DA:13,2
DA:14,2
DA:16,1
DA:17,1
DA:20,4
DA:21,4
DA:22,4
DA:27,1
DA:31,4
DA:34,1
DA:38,4
DA:41,1
DA:45,3
DA:46,4
DA:47,2
DA:48,2
DA:52,2
DA:53,3
DA:55,3
LF:20
LH:20
end_of_record
SF:lib\editTodo\bloc\edit_todo_state.dart
DA:6,2
DA:9,1
DA:13,5
DA:25,4
DA:27,2
DA:33,2
DA:34,2
DA:35,2
DA:36,2
DA:37,2
DA:41,2
DA:42,10
LF:12
LH:12
end_of_record
SF:lib\app\app.dart
DA:9,1
DA:13,1
DA:15,1
DA:16,3
DA:17,2
DA:24,20
DA:26,1
DA:28,1
DA:29,1
DA:30,1
LF:10
LH:10
end_of_record
SF:lib\home\view\home_page.dart
DA:9,20
DA:11,2
DA:13,6
DA:18,20
DA:20,2
DA:22,8
DA:24,2
DA:25,2
DA:26,2
DA:30,2
DA:31,4
DA:36,2
DA:38,2
DA:40,2
DA:41,2
DA:46,2
DA:59,2
DA:69,2
DA:71,2
DA:72,4
DA:75,12
DA:76,2
LF:22
LH:22
end_of_record
SF:lib\l10n\l10n.dart
DA:7,14
LF:1
LH:1
end_of_record
SF:lib\theme\theme.dart
DA:4,1
DA:5,1
DA:7,1
DA:14,1
DA:15,1
DA:17,1
LF:6
LH:6
end_of_record
SF:lib\editTodo\view\edit_todo_page.dart
DA:10,20
DA:12,3
DA:13,3
DA:16,2
DA:18,2
DA:19,1
DA:27,1
DA:29,1
DA:31,1
DA:32,3
DA:33,2
DA:34,3
DA:41,20
DA:43,1
DA:45,1
DA:46,4
DA:47,1
DA:48,3
DA:51,1
DA:52,1
DA:53,1
DA:55,1
DA:56,1
DA:59,1
DA:60,1
DA:65,1
DA:67,1
DA:68,2
DA:70,1
DA:87,19
DA:89,1
DA:91,1
DA:92,2
DA:93,2
DA:95,1
DA:97,1
DA:98,1
DA:99,2
DA:100,1
DA:104,1
DA:105,1
DA:106,2
DA:108,1
DA:109,3
DA:116,19
DA:118,1
DA:120,1
DA:122,2
DA:123,2
DA:125,1
DA:127,1
DA:128,1
DA:129,2
DA:130,1
DA:135,2
DA:136,1
DA:137,3
LF:57
LH:57
end_of_record
SF:lib\home\cubit\home_state.dart
DA:6,22
DA:10,1
DA:11,2
LF:3
LH:3
end_of_record
SF:lib\home\cubit\home_cubit.dart
DA:7,6
DA:9,3
LF:2
LH:2
end_of_record
SF:lib\stats\view\stats_page.dart
DA:8,20
DA:10,3
DA:12,3
DA:14,3
DA:15,6
DA:16,3
DA:23,20
DA:25,3
DA:27,3
DA:28,6
DA:29,6
DA:31,3
DA:32,9
DA:33,3
DA:34,3
DA:35,3
DA:38,6
DA:39,3
DA:40,6
DA:41,3
DA:44,3
DA:47,6
DA:48,3
DA:49,6
DA:50,3
LF:25
LH:25
end_of_record
SF:lib\todosOverview\view\todos_overview_page.dart
DA:14,20
DA:16,3
DA:18,3
DA:20,6
DA:21,3
DA:22,3
DA:29,20
DA:31,3
DA:33,3
DA:35,3
DA:36,3
DA:37,6
DA:43,3
DA:44,3
DA:45,3
DA:47,12
DA:48,3
DA:49,6
DA:50,1
DA:51,1
DA:52,1
DA:53,1
DA:54,2
DA:60,3
DA:62,3
DA:63,9
DA:64,1
DA:65,1
DA:66,1
DA:67,1
DA:69,1
DA:70,1
DA:71,1
DA:72,1
DA:73,1
DA:74,1
DA:77,1
DA:78,1
DA:79,1
DA:80,1
DA:81,2
DA:91,3
DA:92,3
DA:93,6
DA:94,6
DA:96,6
DA:99,1
DA:100,1
DA:101,1
DA:102,3
DA:108,1
DA:109,1
DA:110,2
DA:111,1
DA:112,2
DA:113,1
DA:115,1
DA:116,2
DA:117,1
DA:123,1
DA:124,2
DA:125,1
DA:128,1
DA:129,1
DA:131,2
LF:65
LH:65
end_of_record
SF:lib\stats\bloc\stats_state.dart
DA:6,26
DA:16,5
DA:17,20
DA:19,5
DA:24,5
DA:25,1
DA:26,5
DA:27,5
LF:8
LH:8
end_of_record
SF:lib\stats\bloc\stats_event.dart
DA:4,21
DA:6,1
DA:7,1
DA:11,21
LF:4
LH:4
end_of_record
SF:lib\stats\bloc\stats_bloc.dart
DA:9,4
DA:12,4
DA:13,8
DA:18,4
DA:22,12
DA:24,4
DA:25,8
DA:26,3
DA:28,4
DA:29,4
DA:31,3
LF:11
LH:11
end_of_record
SF:lib\todosOverview\bloc\state.dart
DA:6,30
DA:18,12
DA:20,6
DA:26,6
DA:27,9
DA:28,9
DA:29,9
DA:31,9
DA:35,6
DA:36,30
LF:10
LH:10
end_of_record
SF:lib\todosOverview\bloc\event.dart
DA:4,45
DA:6,0
DA:7,0
DA:11,20
DA:15,2
DA:23,1
DA:24,3
DA:28,2
DA:32,1
DA:33,2
DA:37,21
DA:41,3
DA:45,1
DA:46,2
DA:50,21
DA:54,21
LF:16
LH:14
end_of_record
SF:lib\todosOverview\bloc\bloc.dart
DA:10,4
DA:12,4
DA:13,8
DA:14,8
DA:15,8
DA:16,8
DA:17,8
DA:18,8
DA:19,8
DA:24,4
DA:28,16
DA:30,4
DA:31,8
DA:33,3
DA:34,1
DA:35,1
DA:38,4
DA:42,1
DA:46,3
DA:47,2
DA:50,1
DA:54,5
DA:55,4
DA:58,1
DA:62,2
DA:64,2
DA:65,4
DA:66,2
DA:69,1
DA:73,5
DA:76,1
DA:80,5
DA:81,2
DA:84,1
DA:88,2
LF:35
LH:35
end_of_record
SF:lib\todosOverview\models\todos_view_filter.dart
DA:6,12
DA:8,4
DA:10,3
DA:11,1
DA:12,3
DA:13,3
DA:17,4
DA:18,4
LF:8
LH:8
end_of_record
SF:lib\todosOverview\widgets\todos_list_tile.dart
DA:5,2
DA:18,2
DA:20,2
DA:21,6
DA:23,2
DA:24,8
DA:25,2
DA:27,2
DA:29,4
DA:33,2
DA:34,2
DA:35,2
DA:36,4
DA:40,4
DA:42,2
DA:47,2
DA:48,4
DA:52,2
DA:56,4
DA:58,2
DA:60,3
DA:62,2
LF:22
LH:22
end_of_record
SF:lib\todosOverview\widgets\todos_overview_filter_button.dart
DA:8,20
DA:10,4
DA:12,4
DA:14,4
DA:15,12
DA:18,4
DA:23,4
DA:24,1
DA:25,2
DA:26,1
DA:29,1
DA:30,1
DA:31,1
DA:33,2
DA:35,1
DA:37,2
DA:39,1
DA:41,2
LF:18
LH:18
end_of_record
SF:lib\todosOverview\widgets\todos_overview_options_button.dart
DA:11,20
DA:13,4
DA:15,4
DA:17,16
DA:18,4
DA:19,12
DA:21,4
DA:25,4
DA:26,1
DA:28,1
DA:30,1
DA:31,1
DA:32,1
DA:34,1
DA:35,1
DA:38,1
DA:39,1
DA:40,1
DA:43,1
DA:44,2
DA:45,1
DA:46,1
DA:49,1
DA:51,1
DA:52,2
LF:25
LH:25
end_of_record
